  glad.c
  glslprogram.cpp
  glutils.cpp
  objmesh.cpp
C:\Users\kjell\Documents\GitHub\comp3015_referral\DELIVERABLES\Project_Template (2)\Project_Template\helper\objmesh.cpp(188,41): warning C4267: '+=': conversion from 'size_t' to 'int', possible loss of data
C:\Users\kjell\Documents\GitHub\comp3015_referral\DELIVERABLES\Project_Template (2)\Project_Template\helper\objmesh.cpp(194,48): warning C4267: '+=': conversion from 'size_t' to 'int', possible loss of data
C:\Users\kjell\Documents\GitHub\comp3015_referral\DELIVERABLES\Project_Template (2)\Project_Template\helper\objmesh.cpp(198,43): warning C4267: '+=': conversion from 'size_t' to 'int', possible loss of data
  plane.cpp
  teapot.cpp
  torus.cpp
  trianglemesh.cpp
  main.cpp
  scenebasic_uniform.cpp
C:\Users\kjell\Documents\GitHub\comp3015_referral\DELIVERABLES\Project_Template (2)\Project_Template\scenebasic_uniform.cpp(476,24): warning C4930: 'SceneBasic_Uniform update(float)': prototyped function not called (was a variable definition intended?)
C:\Users\kjell\Documents\GitHub\comp3015_referral\DELIVERABLES\Project_Template (2)\Project_Template\scenebasic_uniform.cpp(482,24): warning C4930: 'SceneBasic_Uniform update(float)': prototyped function not called (was a variable definition intended?)
  test soundtrack.cpp
  Previous IPDB not found, fall back to full compilation.
LINK : warning LNK4098: defaultlib 'MSVCRTD' conflicts with use of other libs; use /NODEFAULTLIB:library
  Generating code
  All 1165 functions were compiled because no usable IPDB/IOBJ from previous compilation was found.
  Finished generating code
  Project_Template.vcxproj -> C:\Users\kjell\Documents\GitHub\comp3015_referral\DELIVERABLES\Project_Template (2)\Project_Template\x64\Release\Project_Template.exe
