c:\users\kjell\documents\github\comp3015_referral\deliverables\project_template (2)\project_template\x64\debug\vc143.pdb
c:\users\kjell\documents\github\comp3015_referral\deliverables\project_template (2)\project_template\x64\debug\vc143.idb
c:\users\kjell\documents\github\comp3015_referral\deliverables\project_template (2)\project_template\x64\debug\glad.obj
c:\users\kjell\documents\github\comp3015_referral\deliverables\project_template (2)\project_template\x64\debug\test soundtrack.obj
c:\users\kjell\documents\github\comp3015_referral\deliverables\project_template (2)\project_template\x64\debug\scenebasic_uniform.obj
c:\users\kjell\documents\github\comp3015_referral\deliverables\project_template (2)\project_template\x64\debug\main.obj
c:\users\kjell\documents\github\comp3015_referral\deliverables\project_template (2)\project_template\x64\debug\trianglemesh.obj
c:\users\kjell\documents\github\comp3015_referral\deliverables\project_template (2)\project_template\x64\debug\torus.obj
c:\users\kjell\documents\github\comp3015_referral\deliverables\project_template (2)\project_template\x64\debug\teapot.obj
c:\users\kjell\documents\github\comp3015_referral\deliverables\project_template (2)\project_template\x64\debug\plane.obj
c:\users\kjell\documents\github\comp3015_referral\deliverables\project_template (2)\project_template\x64\debug\objmesh.obj
c:\users\kjell\documents\github\comp3015_referral\deliverables\project_template (2)\project_template\x64\debug\glutils.obj
c:\users\kjell\documents\github\comp3015_referral\deliverables\project_template (2)\project_template\x64\debug\glslprogram.obj
c:\users\kjell\documents\github\comp3015_referral\deliverables\project_template (2)\project_template\x64\debug\project_template.exe
c:\users\kjell\documents\github\comp3015_referral\deliverables\project_template (2)\project_template\x64\debug\project_template.ilk
c:\users\kjell\documents\github\comp3015_referral\deliverables\project_template (2)\project_template\x64\debug\project_template.pdb
c:\users\kjell\documents\github\comp3015_referral\deliverables\project_template (2)\project_template\x64\debug\project_template.tlog\cl.command.1.tlog
c:\users\kjell\documents\github\comp3015_referral\deliverables\project_template (2)\project_template\x64\debug\project_template.tlog\cl.items.tlog
c:\users\kjell\documents\github\comp3015_referral\deliverables\project_template (2)\project_template\x64\debug\project_template.tlog\cl.read.1.tlog
c:\users\kjell\documents\github\comp3015_referral\deliverables\project_template (2)\project_template\x64\debug\project_template.tlog\cl.write.1.tlog
c:\users\kjell\documents\github\comp3015_referral\deliverables\project_template (2)\project_template\x64\debug\project_template.tlog\link.command.1.tlog
c:\users\kjell\documents\github\comp3015_referral\deliverables\project_template (2)\project_template\x64\debug\project_template.tlog\link.read.1.tlog
c:\users\kjell\documents\github\comp3015_referral\deliverables\project_template (2)\project_template\x64\debug\project_template.tlog\link.write.1.tlog
