  glad.c
  glslprogram.cpp
  glutils.cpp
  objmesh.cpp
C:\Users\kjell\Documents\GitHub\comp3015_referral\DELIVERABLES\Project_Template (2)\Project_Template\helper\objmesh.cpp(188,41): warning C4267: '+=': conversion from 'size_t' to 'int', possible loss of data
C:\Users\kjell\Documents\GitHub\comp3015_referral\DELIVERABLES\Project_Template (2)\Project_Template\helper\objmesh.cpp(194,48): warning C4267: '+=': conversion from 'size_t' to 'int', possible loss of data
C:\Users\kjell\Documents\GitHub\comp3015_referral\DELIVERABLES\Project_Template (2)\Project_Template\helper\objmesh.cpp(198,43): warning C4267: '+=': conversion from 'size_t' to 'int', possible loss of data
  plane.cpp
  teapot.cpp
  torus.cpp
  trianglemesh.cpp
  main.cpp
  scenebasic_uniform.cpp
C:\Users\kjell\Documents\GitHub\comp3015_referral\DELIVERABLES\Project_Template (2)\Project_Template\scenebasic_uniform.cpp(476,24): warning C4930: 'SceneBasic_Uniform update(float)': prototyped function not called (was a variable definition intended?)
C:\Users\kjell\Documents\GitHub\comp3015_referral\DELIVERABLES\Project_Template (2)\Project_Template\scenebasic_uniform.cpp(482,24): warning C4930: 'SceneBasic_Uniform update(float)': prototyped function not called (was a variable definition intended?)
  test soundtrack.cpp
  Running Code Analysis for C/C++...
  Generating Code...
  Project_Template.vcxproj -> C:\Users\kjell\Documents\GitHub\comp3015_referral\DELIVERABLES\Project_Template (2)\Project_Template\x64\Debug\Project_Template.exe
C:\Users\kjell\Documents\GitHub\comp3015_referral\DELIVERABLES\Project_Template (2)\Project_Template\helper\glslprogram.cpp(408): warning C26451: Arithmetic overflow: Using operator '+' on a 4 byte value and then casting the result to a 8 byte value. Cast the value to the wider type before calling operator '+' to avoid overflow (io.2).
C:\Users\kjell\Documents\GitHub\comp3015_referral\DELIVERABLES\Project_Template (2)\Project_Template\helper\trianglemesh.h(37): warning C26495: Variable 'TriangleMesh::nVerts' is uninitialized. Always initialize a member variable (type.6).
C:\Users\kjell\Documents\GitHub\comp3015_referral\DELIVERABLES\Project_Template (2)\Project_Template\helper\objmesh.cpp(155): warning C26451: Arithmetic overflow: Using operator '-' on a 4 byte value and then casting the result to a 8 byte value. Cast the value to the wider type before calling operator '-' to avoid overflow (io.2).
C:\Users\kjell\Documents\GitHub\comp3015_referral\DELIVERABLES\Project_Template (2)\Project_Template\helper\objmesh.cpp(175): warning C26451: Arithmetic overflow: Using operator '+' on a 4 byte value and then casting the result to a 8 byte value. Cast the value to the wider type before calling operator '+' to avoid overflow (io.2).
C:\Users\kjell\Documents\GitHub\comp3015_referral\DELIVERABLES\Project_Template (2)\Project_Template\helper\objmesh.cpp(176): warning C26451: Arithmetic overflow: Using operator '+' on a 4 byte value and then casting the result to a 8 byte value. Cast the value to the wider type before calling operator '+' to avoid overflow (io.2).
C:\Users\kjell\Documents\GitHub\comp3015_referral\DELIVERABLES\Project_Template (2)\Project_Template\helper\objmesh.cpp(210): warning C26451: Arithmetic overflow: Using operator '+' on a 4 byte value and then casting the result to a 8 byte value. Cast the value to the wider type before calling operator '+' to avoid overflow (io.2).
C:\Users\kjell\Documents\GitHub\comp3015_referral\DELIVERABLES\Project_Template (2)\Project_Template\helper\objmesh.cpp(211): warning C26451: Arithmetic overflow: Using operator '+' on a 4 byte value and then casting the result to a 8 byte value. Cast the value to the wider type before calling operator '+' to avoid overflow (io.2).
C:\Users\kjell\Documents\GitHub\comp3015_referral\DELIVERABLES\Project_Template (2)\Project_Template\helper\objmesh.cpp(218): warning C26451: Arithmetic overflow: Using operator '+' on a 4 byte value and then casting the result to a 8 byte value. Cast the value to the wider type before calling operator '+' to avoid overflow (io.2).
C:\Users\kjell\Documents\GitHub\comp3015_referral\DELIVERABLES\Project_Template (2)\Project_Template\helper\objmesh.cpp(219): warning C26451: Arithmetic overflow: Using operator '+' on a 4 byte value and then casting the result to a 8 byte value. Cast the value to the wider type before calling operator '+' to avoid overflow (io.2).
C:\Users\kjell\Documents\GitHub\comp3015_referral\DELIVERABLES\Project_Template (2)\Project_Template\helper\objmesh.cpp(223): warning C26451: Arithmetic overflow: Using operator '+' on a 4 byte value and then casting the result to a 8 byte value. Cast the value to the wider type before calling operator '+' to avoid overflow (io.2).
C:\Users\kjell\Documents\GitHub\comp3015_referral\DELIVERABLES\Project_Template (2)\Project_Template\helper\objmesh.cpp(223): warning C26451: Arithmetic overflow: Using operator '+' on a 4 byte value and then casting the result to a 8 byte value. Cast the value to the wider type before calling operator '+' to avoid overflow (io.2).
C:\Users\kjell\Documents\GitHub\comp3015_referral\DELIVERABLES\Project_Template (2)\Project_Template\helper\objmesh.cpp(224): warning C26451: Arithmetic overflow: Using operator '+' on a 4 byte value and then casting the result to a 8 byte value. Cast the value to the wider type before calling operator '+' to avoid overflow (io.2).
C:\Users\kjell\Documents\GitHub\comp3015_referral\DELIVERABLES\Project_Template (2)\Project_Template\helper\objmesh.cpp(224): warning C26451: Arithmetic overflow: Using operator '+' on a 4 byte value and then casting the result to a 8 byte value. Cast the value to the wider type before calling operator '+' to avoid overflow (io.2).
C:\Users\kjell\Documents\GitHub\comp3015_referral\DELIVERABLES\Project_Template (2)\Project_Template\helper\objmesh.cpp(241): warning C26451: Arithmetic overflow: Using operator '+' on a 4 byte value and then casting the result to a 8 byte value. Cast the value to the wider type before calling operator '+' to avoid overflow (io.2).
C:\Users\kjell\Documents\GitHub\comp3015_referral\DELIVERABLES\Project_Template (2)\Project_Template\helper\objmesh.cpp(242): warning C26451: Arithmetic overflow: Using operator '+' on a 4 byte value and then casting the result to a 8 byte value. Cast the value to the wider type before calling operator '+' to avoid overflow (io.2).
C:\Users\kjell\Documents\GitHub\comp3015_referral\DELIVERABLES\Project_Template (2)\Project_Template\helper\objmesh.cpp(245): warning C26451: Arithmetic overflow: Using operator '+' on a 4 byte value and then casting the result to a 8 byte value. Cast the value to the wider type before calling operator '+' to avoid overflow (io.2).
C:\Users\kjell\Documents\GitHub\comp3015_referral\DELIVERABLES\Project_Template (2)\Project_Template\helper\objmesh.cpp(246): warning C26451: Arithmetic overflow: Using operator '+' on a 4 byte value and then casting the result to a 8 byte value. Cast the value to the wider type before calling operator '+' to avoid overflow (io.2).
C:\Users\kjell\Documents\GitHub\comp3015_referral\DELIVERABLES\Project_Template (2)\Project_Template\helper\objmesh.cpp(260): warning C26451: Arithmetic overflow: Using operator '+' on a 4 byte value and then casting the result to a 8 byte value. Cast the value to the wider type before calling operator '+' to avoid overflow (io.2).
C:\Users\kjell\Documents\GitHub\comp3015_referral\DELIVERABLES\Project_Template (2)\Project_Template\helper\objmesh.cpp(261): warning C26451: Arithmetic overflow: Using operator '+' on a 4 byte value and then casting the result to a 8 byte value. Cast the value to the wider type before calling operator '+' to avoid overflow (io.2).
C:\Users\kjell\Documents\GitHub\comp3015_referral\DELIVERABLES\Project_Template (2)\Project_Template\helper\objmesh.cpp(263): warning C26451: Arithmetic overflow: Using operator '+' on a 4 byte value and then casting the result to a 8 byte value. Cast the value to the wider type before calling operator '+' to avoid overflow (io.2).
C:\Users\kjell\Documents\GitHub\comp3015_referral\DELIVERABLES\Project_Template (2)\Project_Template\helper\objmesh.cpp(264): warning C26451: Arithmetic overflow: Using operator '+' on a 4 byte value and then casting the result to a 8 byte value. Cast the value to the wider type before calling operator '+' to avoid overflow (io.2).
C:\Users\kjell\Documents\GitHub\comp3015_referral\DELIVERABLES\Project_Template (2)\Project_Template\helper\objmesh.cpp(331): warning C26451: Arithmetic overflow: Using operator '*' on a 4 byte value and then casting the result to a 8 byte value. Cast the value to the wider type before calling operator '*' to avoid overflow (io.2).
C:\Users\kjell\Documents\GitHub\comp3015_referral\DELIVERABLES\Project_Template (2)\Project_Template\helper\objmesh.cpp(332): warning C26451: Arithmetic overflow: Using operator '+' on a 4 byte value and then casting the result to a 8 byte value. Cast the value to the wider type before calling operator '+' to avoid overflow (io.2).
C:\Users\kjell\Documents\GitHub\comp3015_referral\DELIVERABLES\Project_Template (2)\Project_Template\helper\objmesh.cpp(332): warning C26451: Arithmetic overflow: Using operator '*' on a 4 byte value and then casting the result to a 8 byte value. Cast the value to the wider type before calling operator '*' to avoid overflow (io.2).
C:\Users\kjell\Documents\GitHub\comp3015_referral\DELIVERABLES\Project_Template (2)\Project_Template\helper\objmesh.cpp(333): warning C26451: Arithmetic overflow: Using operator '+' on a 4 byte value and then casting the result to a 8 byte value. Cast the value to the wider type before calling operator '+' to avoid overflow (io.2).
C:\Users\kjell\Documents\GitHub\comp3015_referral\DELIVERABLES\Project_Template (2)\Project_Template\helper\objmesh.cpp(333): warning C26451: Arithmetic overflow: Using operator '+' on a 4 byte value and then casting the result to a 8 byte value. Cast the value to the wider type before calling operator '+' to avoid overflow (io.2).
C:\Users\kjell\Documents\GitHub\comp3015_referral\DELIVERABLES\Project_Template (2)\Project_Template\helper\objmesh.cpp(333): warning C26451: Arithmetic overflow: Using operator '*' on a 4 byte value and then casting the result to a 8 byte value. Cast the value to the wider type before calling operator '*' to avoid overflow (io.2).
C:\Users\kjell\Documents\GitHub\comp3015_referral\DELIVERABLES\Project_Template (2)\Project_Template\helper\objmesh.cpp(334): warning C26451: Arithmetic overflow: Using operator '+' on a 4 byte value and then casting the result to a 8 byte value. Cast the value to the wider type before calling operator '+' to avoid overflow (io.2).
C:\Users\kjell\Documents\GitHub\comp3015_referral\DELIVERABLES\Project_Template (2)\Project_Template\helper\objmesh.cpp(334): warning C26451: Arithmetic overflow: Using operator '*' on a 4 byte value and then casting the result to a 8 byte value. Cast the value to the wider type before calling operator '*' to avoid overflow (io.2).
C:\Users\kjell\Documents\GitHub\comp3015_referral\DELIVERABLES\Project_Template (2)\Project_Template\helper\objmesh.cpp(335): warning C26451: Arithmetic overflow: Using operator '+' on a 4 byte value and then casting the result to a 8 byte value. Cast the value to the wider type before calling operator '+' to avoid overflow (io.2).
C:\Users\kjell\Documents\GitHub\comp3015_referral\DELIVERABLES\Project_Template (2)\Project_Template\helper\objmesh.cpp(335): warning C26451: Arithmetic overflow: Using operator '+' on a 4 byte value and then casting the result to a 8 byte value. Cast the value to the wider type before calling operator '+' to avoid overflow (io.2).
C:\Users\kjell\Documents\GitHub\comp3015_referral\DELIVERABLES\Project_Template (2)\Project_Template\helper\objmesh.cpp(335): warning C26451: Arithmetic overflow: Using operator '*' on a 4 byte value and then casting the result to a 8 byte value. Cast the value to the wider type before calling operator '*' to avoid overflow (io.2).
C:\Users\kjell\Documents\GitHub\comp3015_referral\DELIVERABLES\Project_Template (2)\Project_Template\helper\objmesh.cpp(336): warning C26451: Arithmetic overflow: Using operator '+' on a 4 byte value and then casting the result to a 8 byte value. Cast the value to the wider type before calling operator '+' to avoid overflow (io.2).
C:\Users\kjell\Documents\GitHub\comp3015_referral\DELIVERABLES\Project_Template (2)\Project_Template\helper\objmesh.cpp(336): warning C26451: Arithmetic overflow: Using operator '*' on a 4 byte value and then casting the result to a 8 byte value. Cast the value to the wider type before calling operator '*' to avoid overflow (io.2).
C:\Users\kjell\Documents\GitHub\comp3015_referral\DELIVERABLES\Project_Template (2)\Project_Template\helper\objmesh.cpp(344): warning C26451: Arithmetic overflow: Using operator '+' on a 4 byte value and then casting the result to a 8 byte value. Cast the value to the wider type before calling operator '+' to avoid overflow (io.2).
C:\Users\kjell\Documents\GitHub\comp3015_referral\DELIVERABLES\Project_Template (2)\Project_Template\helper\objmesh.cpp(345): warning C26451: Arithmetic overflow: Using operator '+' on a 4 byte value and then casting the result to a 8 byte value. Cast the value to the wider type before calling operator '+' to avoid overflow (io.2).
C:\Users\kjell\Documents\GitHub\comp3015_referral\DELIVERABLES\Project_Template (2)\Project_Template\helper\objmesh.cpp(351): warning C26451: Arithmetic overflow: Using operator '+' on a 4 byte value and then casting the result to a 8 byte value. Cast the value to the wider type before calling operator '+' to avoid overflow (io.2).
C:\Users\kjell\Documents\GitHub\comp3015_referral\DELIVERABLES\Project_Template (2)\Project_Template\helper\objmesh.cpp(352): warning C26451: Arithmetic overflow: Using operator '+' on a 4 byte value and then casting the result to a 8 byte value. Cast the value to the wider type before calling operator '+' to avoid overflow (io.2).
C:\Users\kjell\Documents\GitHub\comp3015_referral\DELIVERABLES\Project_Template (2)\Project_Template\helper\objmesh.cpp(357): warning C26451: Arithmetic overflow: Using operator '+' on a 4 byte value and then casting the result to a 8 byte value. Cast the value to the wider type before calling operator '+' to avoid overflow (io.2).
C:\Users\kjell\Documents\GitHub\comp3015_referral\DELIVERABLES\Project_Template (2)\Project_Template\helper\objmesh.cpp(358): warning C26451: Arithmetic overflow: Using operator '+' on a 4 byte value and then casting the result to a 8 byte value. Cast the value to the wider type before calling operator '+' to avoid overflow (io.2).
C:\Users\kjell\Documents\GitHub\comp3015_referral\DELIVERABLES\Project_Template (2)\Project_Template\helper\objmesh.cpp(363): warning C26451: Arithmetic overflow: Using operator '+' on a 4 byte value and then casting the result to a 8 byte value. Cast the value to the wider type before calling operator '+' to avoid overflow (io.2).
C:\Users\kjell\Documents\GitHub\comp3015_referral\DELIVERABLES\Project_Template (2)\Project_Template\helper\objmesh.cpp(364): warning C26451: Arithmetic overflow: Using operator '+' on a 4 byte value and then casting the result to a 8 byte value. Cast the value to the wider type before calling operator '+' to avoid overflow (io.2).
C:\Users\kjell\Documents\GitHub\comp3015_referral\DELIVERABLES\Project_Template (2)\Project_Template\helper\objmesh.cpp(369): warning C26451: Arithmetic overflow: Using operator '+' on a 4 byte value and then casting the result to a 8 byte value. Cast the value to the wider type before calling operator '+' to avoid overflow (io.2).
C:\Users\kjell\Documents\GitHub\comp3015_referral\DELIVERABLES\Project_Template (2)\Project_Template\helper\objmesh.cpp(370): warning C26451: Arithmetic overflow: Using operator '+' on a 4 byte value and then casting the result to a 8 byte value. Cast the value to the wider type before calling operator '+' to avoid overflow (io.2).
C:\Users\kjell\Documents\GitHub\comp3015_referral\DELIVERABLES\Project_Template (2)\Project_Template\helper\objmesh.cpp(375): warning C26451: Arithmetic overflow: Using operator '+' on a 4 byte value and then casting the result to a 8 byte value. Cast the value to the wider type before calling operator '+' to avoid overflow (io.2).
C:\Users\kjell\Documents\GitHub\comp3015_referral\DELIVERABLES\Project_Template (2)\Project_Template\helper\objmesh.cpp(376): warning C26451: Arithmetic overflow: Using operator '+' on a 4 byte value and then casting the result to a 8 byte value. Cast the value to the wider type before calling operator '+' to avoid overflow (io.2).
C:\Users\kjell\Documents\GitHub\comp3015_referral\DELIVERABLES\Project_Template (2)\Project_Template\helper\objmesh.cpp(381): warning C26451: Arithmetic overflow: Using operator '+' on a 4 byte value and then casting the result to a 8 byte value. Cast the value to the wider type before calling operator '+' to avoid overflow (io.2).
C:\Users\kjell\Documents\GitHub\comp3015_referral\DELIVERABLES\Project_Template (2)\Project_Template\helper\objmesh.cpp(382): warning C26451: Arithmetic overflow: Using operator '+' on a 4 byte value and then casting the result to a 8 byte value. Cast the value to the wider type before calling operator '+' to avoid overflow (io.2).
C:\Users\kjell\Documents\GitHub\comp3015_referral\DELIVERABLES\Project_Template (2)\Project_Template\helper\objmesh.cpp(387): warning C26451: Arithmetic overflow: Using operator '+' on a 4 byte value and then casting the result to a 8 byte value. Cast the value to the wider type before calling operator '+' to avoid overflow (io.2).
C:\Users\kjell\Documents\GitHub\comp3015_referral\DELIVERABLES\Project_Template (2)\Project_Template\helper\objmesh.cpp(388): warning C26451: Arithmetic overflow: Using operator '+' on a 4 byte value and then casting the result to a 8 byte value. Cast the value to the wider type before calling operator '+' to avoid overflow (io.2).
C:\Users\kjell\Documents\GitHub\comp3015_referral\DELIVERABLES\Project_Template (2)\Project_Template\helper\objmesh.cpp(393): warning C26451: Arithmetic overflow: Using operator '+' on a 4 byte value and then casting the result to a 8 byte value. Cast the value to the wider type before calling operator '+' to avoid overflow (io.2).
C:\Users\kjell\Documents\GitHub\comp3015_referral\DELIVERABLES\Project_Template (2)\Project_Template\helper\objmesh.cpp(394): warning C26451: Arithmetic overflow: Using operator '+' on a 4 byte value and then casting the result to a 8 byte value. Cast the value to the wider type before calling operator '+' to avoid overflow (io.2).
C:\Users\kjell\Documents\GitHub\comp3015_referral\DELIVERABLES\Project_Template (2)\Project_Template\helper\objmesh.cpp(399): warning C26451: Arithmetic overflow: Using operator '+' on a 4 byte value and then casting the result to a 8 byte value. Cast the value to the wider type before calling operator '+' to avoid overflow (io.2).
C:\Users\kjell\Documents\GitHub\comp3015_referral\DELIVERABLES\Project_Template (2)\Project_Template\helper\objmesh.cpp(400): warning C26451: Arithmetic overflow: Using operator '+' on a 4 byte value and then casting the result to a 8 byte value. Cast the value to the wider type before calling operator '+' to avoid overflow (io.2).
C:\Users\kjell\Documents\GitHub\comp3015_referral\DELIVERABLES\Project_Template (2)\Project_Template\helper\objmesh.cpp(405): warning C26451: Arithmetic overflow: Using operator '+' on a 4 byte value and then casting the result to a 8 byte value. Cast the value to the wider type before calling operator '+' to avoid overflow (io.2).
C:\Users\kjell\Documents\GitHub\comp3015_referral\DELIVERABLES\Project_Template (2)\Project_Template\helper\objmesh.cpp(406): warning C26451: Arithmetic overflow: Using operator '+' on a 4 byte value and then casting the result to a 8 byte value. Cast the value to the wider type before calling operator '+' to avoid overflow (io.2).
C:\Users\kjell\Documents\GitHub\comp3015_referral\DELIVERABLES\Project_Template (2)\Project_Template\helper\objmesh.cpp(414): warning C26451: Arithmetic overflow: Using operator '+' on a 4 byte value and then casting the result to a 8 byte value. Cast the value to the wider type before calling operator '+' to avoid overflow (io.2).
C:\Users\kjell\Documents\GitHub\comp3015_referral\DELIVERABLES\Project_Template (2)\Project_Template\helper\objmesh.cpp(414): warning C26451: Arithmetic overflow: Using operator '+' on a 4 byte value and then casting the result to a 8 byte value. Cast the value to the wider type before calling operator '+' to avoid overflow (io.2).
C:\Users\kjell\Documents\GitHub\comp3015_referral\DELIVERABLES\Project_Template (2)\Project_Template\helper\objmesh.cpp(414): warning C26451: Arithmetic overflow: Using operator '+' on a 4 byte value and then casting the result to a 8 byte value. Cast the value to the wider type before calling operator '+' to avoid overflow (io.2).
C:\Users\kjell\Documents\GitHub\comp3015_referral\DELIVERABLES\Project_Template (2)\Project_Template\helper\objmesh.cpp(415): warning C26451: Arithmetic overflow: Using operator '+' on a 4 byte value and then casting the result to a 8 byte value. Cast the value to the wider type before calling operator '+' to avoid overflow (io.2).
C:\Users\kjell\Documents\GitHub\comp3015_referral\DELIVERABLES\Project_Template (2)\Project_Template\helper\objmesh.cpp(415): warning C26451: Arithmetic overflow: Using operator '+' on a 4 byte value and then casting the result to a 8 byte value. Cast the value to the wider type before calling operator '+' to avoid overflow (io.2).
C:\Users\kjell\Documents\GitHub\comp3015_referral\DELIVERABLES\Project_Template (2)\Project_Template\helper\objmesh.cpp(416): warning C26451: Arithmetic overflow: Using operator '+' on a 4 byte value and then casting the result to a 8 byte value. Cast the value to the wider type before calling operator '+' to avoid overflow (io.2).
C:\Users\kjell\Documents\GitHub\comp3015_referral\DELIVERABLES\Project_Template (2)\Project_Template\helper\objmesh.cpp(416): warning C26451: Arithmetic overflow: Using operator '+' on a 4 byte value and then casting the result to a 8 byte value. Cast the value to the wider type before calling operator '+' to avoid overflow (io.2).
C:\Users\kjell\Documents\GitHub\comp3015_referral\DELIVERABLES\Project_Template (2)\Project_Template\helper\objmesh.cpp(416): warning C26451: Arithmetic overflow: Using operator '+' on a 4 byte value and then casting the result to a 8 byte value. Cast the value to the wider type before calling operator '+' to avoid overflow (io.2).
C:\Users\kjell\Documents\GitHub\comp3015_referral\DELIVERABLES\Project_Template (2)\Project_Template\helper\plane.cpp(12): warning C26451: Arithmetic overflow: Using operator '*' on a 4 byte value and then casting the result to a 8 byte value. Cast the value to the wider type before calling operator '*' to avoid overflow (io.2).
C:\Users\kjell\Documents\GitHub\comp3015_referral\DELIVERABLES\Project_Template (2)\Project_Template\helper\plane.cpp(13): warning C26451: Arithmetic overflow: Using operator '*' on a 4 byte value and then casting the result to a 8 byte value. Cast the value to the wider type before calling operator '*' to avoid overflow (io.2).
C:\Users\kjell\Documents\GitHub\comp3015_referral\DELIVERABLES\Project_Template (2)\Project_Template\helper\plane.cpp(14): warning C26451: Arithmetic overflow: Using operator '*' on a 4 byte value and then casting the result to a 8 byte value. Cast the value to the wider type before calling operator '*' to avoid overflow (io.2).
C:\Users\kjell\Documents\GitHub\comp3015_referral\DELIVERABLES\Project_Template (2)\Project_Template\helper\plane.cpp(15): warning C26451: Arithmetic overflow: Using operator '*' on a 4 byte value and then casting the result to a 8 byte value. Cast the value to the wider type before calling operator '*' to avoid overflow (io.2).
C:\Users\kjell\Documents\GitHub\comp3015_referral\DELIVERABLES\Project_Template (2)\Project_Template\helper\plane.cpp(16): warning C26451: Arithmetic overflow: Using operator '*' on a 4 byte value and then casting the result to a 8 byte value. Cast the value to the wider type before calling operator '*' to avoid overflow (io.2).
C:\Users\kjell\Documents\GitHub\comp3015_referral\DELIVERABLES\Project_Template (2)\Project_Template\helper\plane.cpp(16): warning C26451: Arithmetic overflow: Using operator '*' on a 4 byte value and then casting the result to a 8 byte value. Cast the value to the wider type before calling operator '*' to avoid overflow (io.2).
C:\Users\kjell\Documents\GitHub\comp3015_referral\DELIVERABLES\Project_Template (2)\Project_Template\helper\plane.cpp(31): warning C26451: Arithmetic overflow: Using operator '+' on a 4 byte value and then casting the result to a 8 byte value. Cast the value to the wider type before calling operator '+' to avoid overflow (io.2).
C:\Users\kjell\Documents\GitHub\comp3015_referral\DELIVERABLES\Project_Template (2)\Project_Template\helper\plane.cpp(32): warning C26451: Arithmetic overflow: Using operator '+' on a 4 byte value and then casting the result to a 8 byte value. Cast the value to the wider type before calling operator '+' to avoid overflow (io.2).
C:\Users\kjell\Documents\GitHub\comp3015_referral\DELIVERABLES\Project_Template (2)\Project_Template\helper\plane.cpp(34): warning C26451: Arithmetic overflow: Using operator '+' on a 4 byte value and then casting the result to a 8 byte value. Cast the value to the wider type before calling operator '+' to avoid overflow (io.2).
C:\Users\kjell\Documents\GitHub\comp3015_referral\DELIVERABLES\Project_Template (2)\Project_Template\helper\plane.cpp(35): warning C26451: Arithmetic overflow: Using operator '+' on a 4 byte value and then casting the result to a 8 byte value. Cast the value to the wider type before calling operator '+' to avoid overflow (io.2).
C:\Users\kjell\Documents\GitHub\comp3015_referral\DELIVERABLES\Project_Template (2)\Project_Template\helper\plane.cpp(38): warning C26451: Arithmetic overflow: Using operator '+' on a 4 byte value and then casting the result to a 8 byte value. Cast the value to the wider type before calling operator '+' to avoid overflow (io.2).
C:\Users\kjell\Documents\GitHub\comp3015_referral\DELIVERABLES\Project_Template (2)\Project_Template\helper\plane.cpp(46): warning C26451: Arithmetic overflow: Using operator '*' on a 4 byte value and then casting the result to a 8 byte value. Cast the value to the wider type before calling operator '*' to avoid overflow (io.2).
C:\Users\kjell\Documents\GitHub\comp3015_referral\DELIVERABLES\Project_Template (2)\Project_Template\helper\plane.cpp(47): warning C26451: Arithmetic overflow: Using operator '+' on a 4 byte value and then casting the result to a 8 byte value. Cast the value to the wider type before calling operator '+' to avoid overflow (io.2).
C:\Users\kjell\Documents\GitHub\comp3015_referral\DELIVERABLES\Project_Template (2)\Project_Template\helper\plane.cpp(47): warning C26451: Arithmetic overflow: Using operator '*' on a 4 byte value and then casting the result to a 8 byte value. Cast the value to the wider type before calling operator '*' to avoid overflow (io.2).
C:\Users\kjell\Documents\GitHub\comp3015_referral\DELIVERABLES\Project_Template (2)\Project_Template\helper\plane.cpp(48): warning C26451: Arithmetic overflow: Using operator '+' on a 4 byte value and then casting the result to a 8 byte value. Cast the value to the wider type before calling operator '+' to avoid overflow (io.2).
C:\Users\kjell\Documents\GitHub\comp3015_referral\DELIVERABLES\Project_Template (2)\Project_Template\helper\plane.cpp(48): warning C26451: Arithmetic overflow: Using operator '*' on a 4 byte value and then casting the result to a 8 byte value. Cast the value to the wider type before calling operator '*' to avoid overflow (io.2).
C:\Users\kjell\Documents\GitHub\comp3015_referral\DELIVERABLES\Project_Template (2)\Project_Template\helper\plane.cpp(49): warning C26451: Arithmetic overflow: Using operator '+' on a 4 byte value and then casting the result to a 8 byte value. Cast the value to the wider type before calling operator '+' to avoid overflow (io.2).
C:\Users\kjell\Documents\GitHub\comp3015_referral\DELIVERABLES\Project_Template (2)\Project_Template\helper\plane.cpp(49): warning C26451: Arithmetic overflow: Using operator '*' on a 4 byte value and then casting the result to a 8 byte value. Cast the value to the wider type before calling operator '*' to avoid overflow (io.2).
C:\Users\kjell\Documents\GitHub\comp3015_referral\DELIVERABLES\Project_Template (2)\Project_Template\helper\plane.cpp(59): warning C26451: Arithmetic overflow: Using operator '+' on a 4 byte value and then casting the result to a 8 byte value. Cast the value to the wider type before calling operator '+' to avoid overflow (io.2).
C:\Users\kjell\Documents\GitHub\comp3015_referral\DELIVERABLES\Project_Template (2)\Project_Template\helper\plane.cpp(60): warning C26451: Arithmetic overflow: Using operator '+' on a 4 byte value and then casting the result to a 8 byte value. Cast the value to the wider type before calling operator '+' to avoid overflow (io.2).
C:\Users\kjell\Documents\GitHub\comp3015_referral\DELIVERABLES\Project_Template (2)\Project_Template\helper\plane.cpp(61): warning C26451: Arithmetic overflow: Using operator '+' on a 4 byte value and then casting the result to a 8 byte value. Cast the value to the wider type before calling operator '+' to avoid overflow (io.2).
C:\Users\kjell\Documents\GitHub\comp3015_referral\DELIVERABLES\Project_Template (2)\Project_Template\helper\plane.cpp(62): warning C26451: Arithmetic overflow: Using operator '+' on a 4 byte value and then casting the result to a 8 byte value. Cast the value to the wider type before calling operator '+' to avoid overflow (io.2).
C:\Users\kjell\Documents\GitHub\comp3015_referral\DELIVERABLES\Project_Template (2)\Project_Template\helper\plane.cpp(63): warning C26451: Arithmetic overflow: Using operator '+' on a 4 byte value and then casting the result to a 8 byte value. Cast the value to the wider type before calling operator '+' to avoid overflow (io.2).
C:\Users\kjell\Documents\GitHub\comp3015_referral\DELIVERABLES\Project_Template (2)\Project_Template\helper\teapot.cpp(17): warning C26451: Arithmetic overflow: Using operator '*' on a 4 byte value and then casting the result to a 8 byte value. Cast the value to the wider type before calling operator '*' to avoid overflow (io.2).
C:\Users\kjell\Documents\GitHub\comp3015_referral\DELIVERABLES\Project_Template (2)\Project_Template\helper\teapot.cpp(18): warning C26451: Arithmetic overflow: Using operator '*' on a 4 byte value and then casting the result to a 8 byte value. Cast the value to the wider type before calling operator '*' to avoid overflow (io.2).
C:\Users\kjell\Documents\GitHub\comp3015_referral\DELIVERABLES\Project_Template (2)\Project_Template\helper\teapot.cpp(19): warning C26451: Arithmetic overflow: Using operator '*' on a 4 byte value and then casting the result to a 8 byte value. Cast the value to the wider type before calling operator '*' to avoid overflow (io.2).
C:\Users\kjell\Documents\GitHub\comp3015_referral\DELIVERABLES\Project_Template (2)\Project_Template\helper\teapot.cpp(20): warning C26451: Arithmetic overflow: Using operator '*' on a 4 byte value and then casting the result to a 8 byte value. Cast the value to the wider type before calling operator '*' to avoid overflow (io.2).
C:\Users\kjell\Documents\GitHub\comp3015_referral\DELIVERABLES\Project_Template (2)\Project_Template\helper\teapot.cpp(35): warning C26451: Arithmetic overflow: Using operator '*' on a 4 byte value and then casting the result to a 8 byte value. Cast the value to the wider type before calling operator '*' to avoid overflow (io.2).
C:\Users\kjell\Documents\GitHub\comp3015_referral\DELIVERABLES\Project_Template (2)\Project_Template\helper\teapot.cpp(36): warning C26451: Arithmetic overflow: Using operator '*' on a 4 byte value and then casting the result to a 8 byte value. Cast the value to the wider type before calling operator '*' to avoid overflow (io.2).
C:\Users\kjell\Documents\GitHub\comp3015_referral\DELIVERABLES\Project_Template (2)\Project_Template\helper\teapot.cpp(70): warning C26451: Arithmetic overflow: Using operator '+' on a 4 byte value and then casting the result to a 8 byte value. Cast the value to the wider type before calling operator '+' to avoid overflow (io.2).
C:\Users\kjell\Documents\GitHub\comp3015_referral\DELIVERABLES\Project_Template (2)\Project_Template\helper\teapot.cpp(70): warning C26451: Arithmetic overflow: Using operator '+' on a 4 byte value and then casting the result to a 8 byte value. Cast the value to the wider type before calling operator '+' to avoid overflow (io.2).
C:\Users\kjell\Documents\GitHub\comp3015_referral\DELIVERABLES\Project_Template (2)\Project_Template\helper\teapot.cpp(73): warning C26451: Arithmetic overflow: Using operator '+' on a 4 byte value and then casting the result to a 8 byte value. Cast the value to the wider type before calling operator '+' to avoid overflow (io.2).
C:\Users\kjell\Documents\GitHub\comp3015_referral\DELIVERABLES\Project_Template (2)\Project_Template\helper\teapot.cpp(74): warning C26451: Arithmetic overflow: Using operator '+' on a 4 byte value and then casting the result to a 8 byte value. Cast the value to the wider type before calling operator '+' to avoid overflow (io.2).
C:\Users\kjell\Documents\GitHub\comp3015_referral\DELIVERABLES\Project_Template (2)\Project_Template\helper\teapot.cpp(139): warning C26451: Arithmetic overflow: Using operator '+' on a 4 byte value and then casting the result to a 8 byte value. Cast the value to the wider type before calling operator '+' to avoid overflow (io.2).
C:\Users\kjell\Documents\GitHub\comp3015_referral\DELIVERABLES\Project_Template (2)\Project_Template\helper\teapot.cpp(140): warning C26451: Arithmetic overflow: Using operator '+' on a 4 byte value and then casting the result to a 8 byte value. Cast the value to the wider type before calling operator '+' to avoid overflow (io.2).
C:\Users\kjell\Documents\GitHub\comp3015_referral\DELIVERABLES\Project_Template (2)\Project_Template\helper\teapot.cpp(143): warning C26451: Arithmetic overflow: Using operator '+' on a 4 byte value and then casting the result to a 8 byte value. Cast the value to the wider type before calling operator '+' to avoid overflow (io.2).
C:\Users\kjell\Documents\GitHub\comp3015_referral\DELIVERABLES\Project_Template (2)\Project_Template\helper\teapot.cpp(144): warning C26451: Arithmetic overflow: Using operator '+' on a 4 byte value and then casting the result to a 8 byte value. Cast the value to the wider type before calling operator '+' to avoid overflow (io.2).
C:\Users\kjell\Documents\GitHub\comp3015_referral\DELIVERABLES\Project_Template (2)\Project_Template\helper\teapot.cpp(147): warning C26451: Arithmetic overflow: Using operator '+' on a 4 byte value and then casting the result to a 8 byte value. Cast the value to the wider type before calling operator '+' to avoid overflow (io.2).
C:\Users\kjell\Documents\GitHub\comp3015_referral\DELIVERABLES\Project_Template (2)\Project_Template\helper\teapot.cpp(161): warning C26451: Arithmetic overflow: Using operator '+' on a 4 byte value and then casting the result to a 8 byte value. Cast the value to the wider type before calling operator '+' to avoid overflow (io.2).
C:\Users\kjell\Documents\GitHub\comp3015_referral\DELIVERABLES\Project_Template (2)\Project_Template\helper\teapot.cpp(162): warning C26451: Arithmetic overflow: Using operator '+' on a 4 byte value and then casting the result to a 8 byte value. Cast the value to the wider type before calling operator '+' to avoid overflow (io.2).
C:\Users\kjell\Documents\GitHub\comp3015_referral\DELIVERABLES\Project_Template (2)\Project_Template\helper\teapot.cpp(164): warning C26451: Arithmetic overflow: Using operator '+' on a 4 byte value and then casting the result to a 8 byte value. Cast the value to the wider type before calling operator '+' to avoid overflow (io.2).
C:\Users\kjell\Documents\GitHub\comp3015_referral\DELIVERABLES\Project_Template (2)\Project_Template\helper\teapot.cpp(165): warning C26451: Arithmetic overflow: Using operator '+' on a 4 byte value and then casting the result to a 8 byte value. Cast the value to the wider type before calling operator '+' to avoid overflow (io.2).
C:\Users\kjell\Documents\GitHub\comp3015_referral\DELIVERABLES\Project_Template (2)\Project_Template\helper\teapot.cpp(166): warning C26451: Arithmetic overflow: Using operator '+' on a 4 byte value and then casting the result to a 8 byte value. Cast the value to the wider type before calling operator '+' to avoid overflow (io.2).
C:\Users\kjell\Documents\GitHub\comp3015_referral\DELIVERABLES\Project_Template (2)\Project_Template\helper\teapot.cpp(203): warning C26451: Arithmetic overflow: Using operator '*' on a 4 byte value and then casting the result to a 8 byte value. Cast the value to the wider type before calling operator '*' to avoid overflow (io.2).
C:\Users\kjell\Documents\GitHub\comp3015_referral\DELIVERABLES\Project_Template (2)\Project_Template\helper\teapot.cpp(204): warning C26451: Arithmetic overflow: Using operator '+' on a 4 byte value and then casting the result to a 8 byte value. Cast the value to the wider type before calling operator '+' to avoid overflow (io.2).
C:\Users\kjell\Documents\GitHub\comp3015_referral\DELIVERABLES\Project_Template (2)\Project_Template\helper\teapot.cpp(204): warning C26451: Arithmetic overflow: Using operator '*' on a 4 byte value and then casting the result to a 8 byte value. Cast the value to the wider type before calling operator '*' to avoid overflow (io.2).
C:\Users\kjell\Documents\GitHub\comp3015_referral\DELIVERABLES\Project_Template (2)\Project_Template\helper\teapot.cpp(205): warning C26451: Arithmetic overflow: Using operator '+' on a 4 byte value and then casting the result to a 8 byte value. Cast the value to the wider type before calling operator '+' to avoid overflow (io.2).
C:\Users\kjell\Documents\GitHub\comp3015_referral\DELIVERABLES\Project_Template (2)\Project_Template\helper\teapot.cpp(205): warning C26451: Arithmetic overflow: Using operator '*' on a 4 byte value and then casting the result to a 8 byte value. Cast the value to the wider type before calling operator '*' to avoid overflow (io.2).
C:\Users\kjell\Documents\GitHub\comp3015_referral\DELIVERABLES\Project_Template (2)\Project_Template\helper\teapot.cpp(206): warning C26451: Arithmetic overflow: Using operator '+' on a 4 byte value and then casting the result to a 8 byte value. Cast the value to the wider type before calling operator '+' to avoid overflow (io.2).
C:\Users\kjell\Documents\GitHub\comp3015_referral\DELIVERABLES\Project_Template (2)\Project_Template\helper\teapot.cpp(206): warning C26451: Arithmetic overflow: Using operator '*' on a 4 byte value and then casting the result to a 8 byte value. Cast the value to the wider type before calling operator '*' to avoid overflow (io.2).
C:\Users\kjell\Documents\GitHub\comp3015_referral\DELIVERABLES\Project_Template (2)\Project_Template\helper\teapot.cpp(208): warning C26451: Arithmetic overflow: Using operator '*' on a 4 byte value and then casting the result to a 8 byte value. Cast the value to the wider type before calling operator '*' to avoid overflow (io.2).
C:\Users\kjell\Documents\GitHub\comp3015_referral\DELIVERABLES\Project_Template (2)\Project_Template\helper\teapot.cpp(209): warning C26451: Arithmetic overflow: Using operator '+' on a 4 byte value and then casting the result to a 8 byte value. Cast the value to the wider type before calling operator '+' to avoid overflow (io.2).
C:\Users\kjell\Documents\GitHub\comp3015_referral\DELIVERABLES\Project_Template (2)\Project_Template\helper\teapot.cpp(209): warning C26451: Arithmetic overflow: Using operator '*' on a 4 byte value and then casting the result to a 8 byte value. Cast the value to the wider type before calling operator '*' to avoid overflow (io.2).
C:\Users\kjell\Documents\GitHub\comp3015_referral\DELIVERABLES\Project_Template (2)\Project_Template\helper\teapot.cpp(210): warning C26451: Arithmetic overflow: Using operator '+' on a 4 byte value and then casting the result to a 8 byte value. Cast the value to the wider type before calling operator '+' to avoid overflow (io.2).
C:\Users\kjell\Documents\GitHub\comp3015_referral\DELIVERABLES\Project_Template (2)\Project_Template\helper\teapot.cpp(210): warning C26451: Arithmetic overflow: Using operator '*' on a 4 byte value and then casting the result to a 8 byte value. Cast the value to the wider type before calling operator '*' to avoid overflow (io.2).
C:\Users\kjell\Documents\GitHub\comp3015_referral\DELIVERABLES\Project_Template (2)\Project_Template\helper\teapot.cpp(211): warning C26451: Arithmetic overflow: Using operator '+' on a 4 byte value and then casting the result to a 8 byte value. Cast the value to the wider type before calling operator '+' to avoid overflow (io.2).
C:\Users\kjell\Documents\GitHub\comp3015_referral\DELIVERABLES\Project_Template (2)\Project_Template\helper\teapot.cpp(211): warning C26451: Arithmetic overflow: Using operator '*' on a 4 byte value and then casting the result to a 8 byte value. Cast the value to the wider type before calling operator '*' to avoid overflow (io.2).
C:\Users\kjell\Documents\GitHub\comp3015_referral\DELIVERABLES\Project_Template (2)\Project_Template\helper\teapot.cpp(221): warning C26451: Arithmetic overflow: Using operator '+' on a 4 byte value and then casting the result to a 8 byte value. Cast the value to the wider type before calling operator '+' to avoid overflow (io.2).
C:\Users\kjell\Documents\GitHub\comp3015_referral\DELIVERABLES\Project_Template (2)\Project_Template\helper\teapot.cpp(221): warning C26451: Arithmetic overflow: Using operator '*' on a 4 byte value and then casting the result to a 8 byte value. Cast the value to the wider type before calling operator '*' to avoid overflow (io.2).
C:\Users\kjell\Documents\GitHub\comp3015_referral\DELIVERABLES\Project_Template (2)\Project_Template\helper\teapot.cpp(221): warning C26451: Arithmetic overflow: Using operator '+' on a 4 byte value and then casting the result to a 8 byte value. Cast the value to the wider type before calling operator '+' to avoid overflow (io.2).
C:\Users\kjell\Documents\GitHub\comp3015_referral\DELIVERABLES\Project_Template (2)\Project_Template\helper\teapot.cpp(221): warning C26451: Arithmetic overflow: Using operator '*' on a 4 byte value and then casting the result to a 8 byte value. Cast the value to the wider type before calling operator '*' to avoid overflow (io.2).
C:\Users\kjell\Documents\GitHub\comp3015_referral\DELIVERABLES\Project_Template (2)\Project_Template\helper\teapot.cpp(234): warning C26451: Arithmetic overflow: Using operator '+' on a 4 byte value and then casting the result to a 8 byte value. Cast the value to the wider type before calling operator '+' to avoid overflow (io.2).
C:\Users\kjell\Documents\GitHub\comp3015_referral\DELIVERABLES\Project_Template (2)\Project_Template\helper\teapot.cpp(234): warning C26451: Arithmetic overflow: Using operator '*' on a 4 byte value and then casting the result to a 8 byte value. Cast the value to the wider type before calling operator '*' to avoid overflow (io.2).
C:\Users\kjell\Documents\GitHub\comp3015_referral\DELIVERABLES\Project_Template (2)\Project_Template\helper\teapot.cpp(234): warning C26451: Arithmetic overflow: Using operator '+' on a 4 byte value and then casting the result to a 8 byte value. Cast the value to the wider type before calling operator '+' to avoid overflow (io.2).
C:\Users\kjell\Documents\GitHub\comp3015_referral\DELIVERABLES\Project_Template (2)\Project_Template\helper\teapot.cpp(234): warning C26451: Arithmetic overflow: Using operator '*' on a 4 byte value and then casting the result to a 8 byte value. Cast the value to the wider type before calling operator '*' to avoid overflow (io.2).
C:\Users\kjell\Documents\GitHub\comp3015_referral\DELIVERABLES\Project_Template (2)\Project_Template\helper\teapot.cpp(235): warning C26451: Arithmetic overflow: Using operator '+' on a 4 byte value and then casting the result to a 8 byte value. Cast the value to the wider type before calling operator '+' to avoid overflow (io.2).
C:\Users\kjell\Documents\GitHub\comp3015_referral\DELIVERABLES\Project_Template (2)\Project_Template\helper\teapot.cpp(235): warning C26451: Arithmetic overflow: Using operator '*' on a 4 byte value and then casting the result to a 8 byte value. Cast the value to the wider type before calling operator '*' to avoid overflow (io.2).
C:\Users\kjell\Documents\GitHub\comp3015_referral\DELIVERABLES\Project_Template (2)\Project_Template\helper\teapot.cpp(235): warning C26451: Arithmetic overflow: Using operator '+' on a 4 byte value and then casting the result to a 8 byte value. Cast the value to the wider type before calling operator '+' to avoid overflow (io.2).
C:\Users\kjell\Documents\GitHub\comp3015_referral\DELIVERABLES\Project_Template (2)\Project_Template\helper\teapot.cpp(235): warning C26451: Arithmetic overflow: Using operator '*' on a 4 byte value and then casting the result to a 8 byte value. Cast the value to the wider type before calling operator '*' to avoid overflow (io.2).
C:\Users\kjell\Documents\GitHub\comp3015_referral\DELIVERABLES\Project_Template (2)\Project_Template\helper\torus.cpp(13): warning C26451: Arithmetic overflow: Using operator '*' on a 4 byte value and then casting the result to a 8 byte value. Cast the value to the wider type before calling operator '*' to avoid overflow (io.2).
C:\Users\kjell\Documents\GitHub\comp3015_referral\DELIVERABLES\Project_Template (2)\Project_Template\helper\torus.cpp(15): warning C26451: Arithmetic overflow: Using operator '*' on a 4 byte value and then casting the result to a 8 byte value. Cast the value to the wider type before calling operator '*' to avoid overflow (io.2).
C:\Users\kjell\Documents\GitHub\comp3015_referral\DELIVERABLES\Project_Template (2)\Project_Template\helper\torus.cpp(17): warning C26451: Arithmetic overflow: Using operator '*' on a 4 byte value and then casting the result to a 8 byte value. Cast the value to the wider type before calling operator '*' to avoid overflow (io.2).
C:\Users\kjell\Documents\GitHub\comp3015_referral\DELIVERABLES\Project_Template (2)\Project_Template\helper\torus.cpp(19): warning C26451: Arithmetic overflow: Using operator '*' on a 4 byte value and then casting the result to a 8 byte value. Cast the value to the wider type before calling operator '*' to avoid overflow (io.2).
C:\Users\kjell\Documents\GitHub\comp3015_referral\DELIVERABLES\Project_Template (2)\Project_Template\helper\torus.cpp(35): warning C26451: Arithmetic overflow: Using operator '+' on a 4 byte value and then casting the result to a 8 byte value. Cast the value to the wider type before calling operator '+' to avoid overflow (io.2).
C:\Users\kjell\Documents\GitHub\comp3015_referral\DELIVERABLES\Project_Template (2)\Project_Template\helper\torus.cpp(36): warning C26451: Arithmetic overflow: Using operator '+' on a 4 byte value and then casting the result to a 8 byte value. Cast the value to the wider type before calling operator '+' to avoid overflow (io.2).
C:\Users\kjell\Documents\GitHub\comp3015_referral\DELIVERABLES\Project_Template (2)\Project_Template\helper\torus.cpp(38): warning C26451: Arithmetic overflow: Using operator '+' on a 4 byte value and then casting the result to a 8 byte value. Cast the value to the wider type before calling operator '+' to avoid overflow (io.2).
C:\Users\kjell\Documents\GitHub\comp3015_referral\DELIVERABLES\Project_Template (2)\Project_Template\helper\torus.cpp(39): warning C26451: Arithmetic overflow: Using operator '+' on a 4 byte value and then casting the result to a 8 byte value. Cast the value to the wider type before calling operator '+' to avoid overflow (io.2).
C:\Users\kjell\Documents\GitHub\comp3015_referral\DELIVERABLES\Project_Template (2)\Project_Template\helper\torus.cpp(41): warning C26451: Arithmetic overflow: Using operator '+' on a 4 byte value and then casting the result to a 8 byte value. Cast the value to the wider type before calling operator '+' to avoid overflow (io.2).
C:\Users\kjell\Documents\GitHub\comp3015_referral\DELIVERABLES\Project_Template (2)\Project_Template\helper\torus.cpp(45): warning C26451: Arithmetic overflow: Using operator '+' on a 4 byte value and then casting the result to a 8 byte value. Cast the value to the wider type before calling operator '+' to avoid overflow (io.2).
C:\Users\kjell\Documents\GitHub\comp3015_referral\DELIVERABLES\Project_Template (2)\Project_Template\helper\torus.cpp(45): warning C26451: Arithmetic overflow: Using operator '+' on a 4 byte value and then casting the result to a 8 byte value. Cast the value to the wider type before calling operator '+' to avoid overflow (io.2).
C:\Users\kjell\Documents\GitHub\comp3015_referral\DELIVERABLES\Project_Template (2)\Project_Template\helper\torus.cpp(46): warning C26451: Arithmetic overflow: Using operator '+' on a 4 byte value and then casting the result to a 8 byte value. Cast the value to the wider type before calling operator '+' to avoid overflow (io.2).
C:\Users\kjell\Documents\GitHub\comp3015_referral\DELIVERABLES\Project_Template (2)\Project_Template\helper\torus.cpp(46): warning C26451: Arithmetic overflow: Using operator '+' on a 4 byte value and then casting the result to a 8 byte value. Cast the value to the wider type before calling operator '+' to avoid overflow (io.2).
C:\Users\kjell\Documents\GitHub\comp3015_referral\DELIVERABLES\Project_Template (2)\Project_Template\helper\torus.cpp(48): warning C26451: Arithmetic overflow: Using operator '+' on a 4 byte value and then casting the result to a 8 byte value. Cast the value to the wider type before calling operator '+' to avoid overflow (io.2).
C:\Users\kjell\Documents\GitHub\comp3015_referral\DELIVERABLES\Project_Template (2)\Project_Template\helper\torus.cpp(49): warning C26451: Arithmetic overflow: Using operator '+' on a 4 byte value and then casting the result to a 8 byte value. Cast the value to the wider type before calling operator '+' to avoid overflow (io.2).
C:\Users\kjell\Documents\GitHub\comp3015_referral\DELIVERABLES\Project_Template (2)\Project_Template\helper\torus.cpp(62): warning C26451: Arithmetic overflow: Using operator '+' on a 4 byte value and then casting the result to a 8 byte value. Cast the value to the wider type before calling operator '+' to avoid overflow (io.2).
C:\Users\kjell\Documents\GitHub\comp3015_referral\DELIVERABLES\Project_Template (2)\Project_Template\helper\torus.cpp(63): warning C26451: Arithmetic overflow: Using operator '+' on a 4 byte value and then casting the result to a 8 byte value. Cast the value to the wider type before calling operator '+' to avoid overflow (io.2).
C:\Users\kjell\Documents\GitHub\comp3015_referral\DELIVERABLES\Project_Template (2)\Project_Template\helper\torus.cpp(64): warning C26451: Arithmetic overflow: Using operator '+' on a 4 byte value and then casting the result to a 8 byte value. Cast the value to the wider type before calling operator '+' to avoid overflow (io.2).
C:\Users\kjell\Documents\GitHub\comp3015_referral\DELIVERABLES\Project_Template (2)\Project_Template\helper\torus.cpp(65): warning C26451: Arithmetic overflow: Using operator '+' on a 4 byte value and then casting the result to a 8 byte value. Cast the value to the wider type before calling operator '+' to avoid overflow (io.2).
C:\Users\kjell\Documents\GitHub\comp3015_referral\DELIVERABLES\Project_Template (2)\Project_Template\helper\torus.cpp(66): warning C26451: Arithmetic overflow: Using operator '+' on a 4 byte value and then casting the result to a 8 byte value. Cast the value to the wider type before calling operator '+' to avoid overflow (io.2).
C:\Users\kjell\Documents\GitHub\comp3015_referral\DELIVERABLES\Project_Template (2)\Project_Template\helper\scene.h(15): warning C26495: Variable 'Scene::model' is uninitialized. Always initialize a member variable (type.6).
